ParseStarterProject/build/outputs/logs/manifest-merger-debug-report.txt
-- Merging decision tree log ---
manifest
ADDED from src/main/AndroidManifest.xml:2:1-33:12
INJECTED from src/main/AndroidManifest.xml:2:1-33:12
INJECTED from src/main/AndroidManifest.xml:2:1-33:12
INJECTED from src/main/AndroidManifest.xml:2:1-33:12
MERGED from [com.google.android.gms:play-services:9.4.0] AndroidManifest.xml:2:1-6:12
MERGED from [com.google.android.gms:play-services-cast-framework:9.4.0] AndroidManifest.xml:2:1-10:12
MERGED from [com.google.android.gms:play-services-cast:9.4.0] AndroidManifest.xml:16:1-20:12
MERGED from [com.android.support:mediarouter-v7:23.0.0] AndroidManifest.xml:17:1-24:12
MERGED from [com.android.support:appcompat-v7:26.0.0] AndroidManifest.xml:17:1-31:12
MERGED from [com.android.support:multidex:1.0.0] AndroidManifest.xml:16:1-19:12
MERGED from [com.android.support.constraint:constraint-layout:1.1.3] AndroidManifest.xml:2:1-11:12
MERGED from [com.android.support:animated-vector-drawable:26.0.0] AndroidManifest.xml:17:1-28:12
MERGED from [com.android.support:support-vector-drawable:26.0.0] AndroidManifest.xml:17:1-28:12
MERGED from [com.google.android.gms:play-services-ads:9.4.0] AndroidManifest.xml:16:1-20:12
MERGED from [com.google.android.gms:play-services-ads-lite:9.4.0] AndroidManifest.xml:16:1-33:12
MERGED from [com.google.android.gms:play-services-analytics:9.4.0] AndroidManifest.xml:16:1-28:12
MERGED from [com.google.android.gms:play-services-tagmanager:9.4.0] AndroidManifest.xml:16:1-19:12
MERGED from [com.google.android.gms:play-services-analytics-impl:9.4.0] AndroidManifest.xml:16:1-28:12
MERGED from [com.google.android.gms:play-services-appinvite:9.4.0] AndroidManifest.xml:16:1-31:12
MERGED from [com.google.android.gms:play-services-auth:9.4.0] AndroidManifest.xml:16:1-33:12
MERGED from [com.google.android.gms:play-services-auth-base:9.4.0] AndroidManifest.xml:2:1-6:12
MERGED from [com.google.android.gms:play-services-clearcut:9.4.0] AndroidManifest.xml:16:1-20:12
MERGED from [com.google.firebase:firebase-config:9.4.0] AndroidManifest.xml:16:1-20:12
MERGED from [com.google.android.gms:play-services-contextmanager:9.4.0] AndroidManifest.xml:16:1-20:12
MERGED from [com.google.firebase:firebase-crash:9.4.0] AndroidManifest.xml:16:1-34:12
MERGED from [com.google.android.gms:play-services-games:9.4.0] AndroidManifest.xml:16:1-20:12
MERGED from [com.google.android.gms:play-services-drive:9.4.0] AndroidManifest.xml:16:1-20:12
MERGED from [com.google.firebase:firebase-auth:9.4.0] AndroidManifest.xml:16:1-22:12
MERGED from [com.google.firebase:firebase-auth-common:9.4.0] AndroidManifest.xml:16:1-22:12
MERGED from [com.google.firebase:firebase-auth-module:9.4.0] AndroidManifest.xml:2:1-6:12
MERGED from [com.google.firebase:firebase-database:9.4.0] AndroidManifest.xml:2:1-6:12
MERGED from [com.google.firebase:firebase-database-connection:9.4.0] AndroidManifest.xml:2:1-6:12
MERGED from [com.google.firebase:firebase-storage:9.4.0] AndroidManifest.xml:2:1-6:12
MERGED from [com.google.firebase:firebase-storage-common:9.4.0] AndroidManifest.xml:2:1-6:12
MERGED from [com.google.android.gms:play-services-fitness:9.4.0] AndroidManifest.xml:16:1-20:12
MERGED from [com.google.android.gms:play-services-gcm:9.4.0] AndroidManifest.xml:16:1-25:12
MERGED from [com.google.android.gms:play-services-appindexing:9.4.0] AndroidManifest.xml:16:1-20:12
MERGED from [com.google.android.gms:play-services-wallet:9.4.0] AndroidManifest.xml:16:1-21:12
MERGED from [com.google.android.gms:play-services-identity:9.4.0] AndroidManifest.xml:16:1-20:12
MERGED from [com.google.android.gms:play-services-iid:9.4.0] AndroidManifest.xml:16:1-25:12
MERGED from [com.google.android.gms:play-services-location:9.4.0] AndroidManifest.xml:16:1-20:12
MERGED from [com.google.android.gms:play-services-places:9.4.0] AndroidManifest.xml:16:1-20:12
MERGED from [com.google.android.gms:play-services-maps:9.4.0] AndroidManifest.xml:16:1-28:12
MERGED from [com.google.android.gms:play-services-nearby:9.4.0] AndroidManifest.xml:2:1-7:12
MERGED from [com.google.android.gms:play-services-panorama:9.4.0] AndroidManifest.xml:16:1-20:12
MERGED from [com.google.android.gms:play-services-plus:9.4.0] AndroidManifest.xml:16:1-20:12
MERGED from [com.google.android.gms:play-services-safetynet:9.4.0] AndroidManifest.xml:16:1-20:12
MERGED from [com.google.android.gms:play-services-vision:9.4.0] AndroidManifest.xml:2:1-6:12
MERGED from [com.google.android.gms:play-services-wearable:9.4.0] AndroidManifest.xml:16:1-20:12
MERGED from [com.google.android.gms:play-services-base:9.4.0] AndroidManifest.xml:16:1-24:12
MERGED from [com.google.firebase:firebase-messaging:9.4.0] AndroidManifest.xml:16:1-33:12
MERGED from [com.google.android.gms:play-services-tagmanager-api:9.4.0] AndroidManifest.xml:16:1-39:12
MERGED from [com.google.firebase:firebase-analytics:9.4.0] AndroidManifest.xml:16:1-42:12
MERGED from [com.google.firebase:firebase-analytics-impl:9.4.0] AndroidManifest.xml:16:1-42:12
MERGED from [com.google.firebase:firebase-iid:9.4.0] AndroidManifest.xml:16:1-60:12
MERGED from [com.google.firebase:firebase-common:9.4.0] AndroidManifest.xml:2:1-13:12
MERGED from [com.google.android.gms:play-services-gass:9.4.0] AndroidManifest.xml:16:1-20:12
MERGED from [com.google.android.gms:play-services-tasks:9.4.0] AndroidManifest.xml:2:1-6:12
MERGED from [com.google.android.gms:play-services-basement:9.4.0] AndroidManifest.xml:16:1-26:12
MERGED from [com.android.support:support-v4:26.0.0] AndroidManifest.xml:17:1-31:12
MERGED from [com.android.support:support-media-compat:26.0.0] AndroidManifest.xml:17:1-31:12
MERGED from [com.android.support:support-fragment:26.0.0] AndroidManifest.xml:17:1-31:12
MERGED from [com.android.support:support-core-utils:26.0.0] AndroidManifest.xml:17:1-31:12
MERGED from [com.android.support:support-core-ui:26.0.0] AndroidManifest.xml:17:1-31:12
MERGED from [com.android.support:support-compat:26.0.0] AndroidManifest.xml:17:1-31:12
INJECTED from src/main/AndroidManifest.xml:2:1-33:12
INJECTED from src/main/AndroidManifest.xml:2:1-33:12
INJECTED from src/main/AndroidManifest.xml:2:1-33:12
	package
		ADDED from src/main/AndroidManifest.xml:3:5-32
		INJECTED from src/main/AndroidManifest.xml
		INJECTED from src/main/AndroidManifest.xml
	android:versionName
		INJECTED from src/main/AndroidManifest.xml
		ADDED from src/main/AndroidManifest.xml:2:1-33:12
		INJECTED from src/main/AndroidManifest.xml
	android:versionCode
		INJECTED from src/main/AndroidManifest.xml
		ADDED from src/main/AndroidManifest.xml:2:1-33:12
		INJECTED from src/main/AndroidManifest.xml
	xmlns:android
		ADDED from src/main/AndroidManifest.xml:2:11-69
uses-permission#android.permission.INTERNET
ADDED from src/main/AndroidManifest.xml:5:5-67
MERGED from [com.google.android.gms:play-services-ads-lite:9.4.0] AndroidManifest.xml:20:5-66
MERGED from [com.google.android.gms:play-services-ads-lite:9.4.0] AndroidManifest.xml:20:5-66
MERGED from [com.google.android.gms:play-services-analytics:9.4.0] AndroidManifest.xml:21:5-67
MERGED from [com.google.android.gms:play-services-analytics:9.4.0] AndroidManifest.xml:21:5-67
MERGED from [com.google.android.gms:play-services-analytics-impl:9.4.0] AndroidManifest.xml:21:5-67
MERGED from [com.google.android.gms:play-services-analytics-impl:9.4.0] AndroidManifest.xml:21:5-67
MERGED from [com.google.android.gms:play-services-appinvite:9.4.0] AndroidManifest.xml:19:5-67
MERGED from [com.google.android.gms:play-services-appinvite:9.4.0] AndroidManifest.xml:19:5-67
MERGED from [com.google.firebase:firebase-crash:9.4.0] AndroidManifest.xml:20:5-66
MERGED from [com.google.firebase:firebase-crash:9.4.0] AndroidManifest.xml:20:5-66
MERGED from [com.google.android.gms:play-services-gcm:9.4.0] AndroidManifest.xml:22:5-67
MERGED from [com.google.android.gms:play-services-gcm:9.4.0] AndroidManifest.xml:22:5-67
MERGED from [com.google.android.gms:play-services-iid:9.4.0] AndroidManifest.xml:22:5-67
MERGED from [com.google.android.gms:play-services-iid:9.4.0] AndroidManifest.xml:22:5-67
MERGED from [com.google.android.gms:play-services-maps:9.4.0] AndroidManifest.xml:21:5-66
MERGED from [com.google.android.gms:play-services-maps:9.4.0] AndroidManifest.xml:21:5-66
MERGED from [com.google.android.gms:play-services-tagmanager-api:9.4.0] AndroidManifest.xml:21:5-67
MERGED from [com.google.android.gms:play-services-tagmanager-api:9.4.0] AndroidManifest.xml:21:5-67
MERGED from [com.google.firebase:firebase-analytics:9.4.0] AndroidManifest.xml:21:5-67
MERGED from [com.google.firebase:firebase-analytics:9.4.0] AndroidManifest.xml:21:5-67
MERGED from [com.google.firebase:firebase-analytics-impl:9.4.0] AndroidManifest.xml:21:5-67
MERGED from [com.google.firebase:firebase-analytics-impl:9.4.0] AndroidManifest.xml:21:5-67
MERGED from [com.google.firebase:firebase-iid:9.4.0] AndroidManifest.xml:21:5-67
MERGED from [com.google.firebase:firebase-iid:9.4.0] AndroidManifest.xml:21:5-67
	android:name
		ADDED from src/main/AndroidManifest.xml:5:22-64
uses-permission#android.permission.ACCESS_NETWORK_STATE
ADDED from src/main/AndroidManifest.xml:6:5-79
MERGED from [com.google.android.gms:play-services-ads-lite:9.4.0] AndroidManifest.xml:21:5-78
MERGED from [com.google.android.gms:play-services-ads-lite:9.4.0] AndroidManifest.xml:21:5-78
MERGED from [com.google.android.gms:play-services-analytics:9.4.0] AndroidManifest.xml:22:5-79
MERGED from [com.google.android.gms:play-services-analytics:9.4.0] AndroidManifest.xml:22:5-79
MERGED from [com.google.android.gms:play-services-analytics-impl:9.4.0] AndroidManifest.xml:22:5-79
MERGED from [com.google.android.gms:play-services-analytics-impl:9.4.0] AndroidManifest.xml:22:5-79
MERGED from [com.google.android.gms:play-services-maps:9.4.0] AndroidManifest.xml:20:5-78
MERGED from [com.google.android.gms:play-services-maps:9.4.0] AndroidManifest.xml:20:5-78
MERGED from [com.google.android.gms:play-services-nearby:9.4.0] AndroidManifest.xml:5:5-79
MERGED from [com.google.android.gms:play-services-nearby:9.4.0] AndroidManifest.xml:5:5-79
MERGED from [com.google.android.gms:play-services-tagmanager-api:9.4.0] AndroidManifest.xml:22:5-79
MERGED from [com.google.android.gms:play-services-tagmanager-api:9.4.0] AndroidManifest.xml:22:5-79
MERGED from [com.google.firebase:firebase-analytics:9.4.0] AndroidManifest.xml:22:5-79
MERGED from [com.google.firebase:firebase-analytics:9.4.0] AndroidManifest.xml:22:5-79
MERGED from [com.google.firebase:firebase-analytics-impl:9.4.0] AndroidManifest.xml:22:5-79
MERGED from [com.google.firebase:firebase-analytics-impl:9.4.0] AndroidManifest.xml:22:5-79
MERGED from [com.google.firebase:firebase-iid:9.4.0] AndroidManifest.xml:20:5-79
MERGED from [com.google.firebase:firebase-iid:9.4.0] AndroidManifest.xml:20:5-79
	android:name
		ADDED from src/main/AndroidManifest.xml:6:22-76
uses-permission#android.permission.READ_EXTERNAL_STORAGE
ADDED from src/main/AndroidManifest.xml:7:5-80
	android:name
		ADDED from src/main/AndroidManifest.xml:7:22-77
uses-permission#android.permission.ACCESS_FINE_LOCATION
ADDED from src/main/AndroidManifest.xml:8:5-79
	android:name
		ADDED from src/main/AndroidManifest.xml:8:22-76
application
ADDED from src/main/AndroidManifest.xml:10:5-31:19
MERGED from [com.google.android.gms:play-services:9.4.0] AndroidManifest.xml:5:5-20
MERGED from [com.google.android.gms:play-services:9.4.0] AndroidManifest.xml:5:5-20
MERGED from [com.google.android.gms:play-services-cast-framework:9.4.0] AndroidManifest.xml:5:5-9:19
MERGED from [com.google.android.gms:play-services-cast-framework:9.4.0] AndroidManifest.xml:5:5-9:19
MERGED from [com.google.android.gms:play-services-cast:9.4.0] AndroidManifest.xml:19:5-20
MERGED from [com.google.android.gms:play-services-cast:9.4.0] AndroidManifest.xml:19:5-20
MERGED from [com.android.support:mediarouter-v7:23.0.0] AndroidManifest.xml:22:5-20
MERGED from [com.android.support:mediarouter-v7:23.0.0] AndroidManifest.xml:22:5-20
MERGED from [com.android.support:appcompat-v7:26.0.0] AndroidManifest.xml:25:5-29:19
MERGED from [com.android.support:appcompat-v7:26.0.0] AndroidManifest.xml:25:5-29:19
MERGED from [com.android.support.constraint:constraint-layout:1.1.3] AndroidManifest.xml:9:5-20
MERGED from [com.android.support.constraint:constraint-layout:1.1.3] AndroidManifest.xml:9:5-20
MERGED from [com.android.support:animated-vector-drawable:26.0.0] AndroidManifest.xml:22:5-26:19
MERGED from [com.android.support:animated-vector-drawable:26.0.0] AndroidManifest.xml:22:5-26:19
MERGED from [com.android.support:support-vector-drawable:26.0.0] AndroidManifest.xml:22:5-26:19
MERGED from [com.android.support:support-vector-drawable:26.0.0] AndroidManifest.xml:22:5-26:19
MERGED from [com.google.android.gms:play-services-ads-lite:9.4.0] AndroidManifest.xml:24:5-32:19
MERGED from [com.google.android.gms:play-services-ads-lite:9.4.0] AndroidManifest.xml:24:5-32:19
MERGED from [com.google.android.gms:play-services-analytics:9.4.0] AndroidManifest.xml:27:5-20
MERGED from [com.google.android.gms:play-services-analytics:9.4.0] AndroidManifest.xml:27:5-20
MERGED from [com.google.android.gms:play-services-analytics-impl:9.4.0] AndroidManifest.xml:27:5-20
MERGED from [com.google.android.gms:play-services-analytics-impl:9.4.0] AndroidManifest.xml:27:5-20
MERGED from [com.google.android.gms:play-services-appinvite:9.4.0] AndroidManifest.xml:20:5-30:19
MERGED from [com.google.android.gms:play-services-appinvite:9.4.0] AndroidManifest.xml:20:5-30:19
MERGED from [com.google.android.gms:play-services-auth:9.4.0] AndroidManifest.xml:20:5-32:19
MERGED from [com.google.android.gms:play-services-auth:9.4.0] AndroidManifest.xml:20:5-32:19
MERGED from [com.google.android.gms:play-services-clearcut:9.4.0] AndroidManifest.xml:19:5-20
MERGED from [com.google.android.gms:play-services-clearcut:9.4.0] AndroidManifest.xml:19:5-20
MERGED from [com.google.firebase:firebase-config:9.4.0] AndroidManifest.xml:19:5-20
MERGED from [com.google.firebase:firebase-config:9.4.0] AndroidManifest.xml:19:5-20
MERGED from [com.google.android.gms:play-services-contextmanager:9.4.0] AndroidManifest.xml:19:5-20
MERGED from [com.google.android.gms:play-services-contextmanager:9.4.0] AndroidManifest.xml:19:5-20
MERGED from [com.google.firebase:firebase-crash:9.4.0] AndroidManifest.xml:24:5-32:19
MERGED from [com.google.firebase:firebase-crash:9.4.0] AndroidManifest.xml:24:5-32:19
MERGED from [com.google.android.gms:play-services-games:9.4.0] AndroidManifest.xml:19:5-20
MERGED from [com.google.android.gms:play-services-games:9.4.0] AndroidManifest.xml:19:5-20
MERGED from [com.google.android.gms:play-services-drive:9.4.0] AndroidManifest.xml:19:5-20
MERGED from [com.google.android.gms:play-services-drive:9.4.0] AndroidManifest.xml:19:5-20
MERGED from [com.google.firebase:firebase-auth:9.4.0] AndroidManifest.xml:20:5-21:19
MERGED from [com.google.firebase:firebase-auth:9.4.0] AndroidManifest.xml:20:5-21:19
MERGED from [com.google.firebase:firebase-auth-common:9.4.0] AndroidManifest.xml:20:5-21:19
MERGED from [com.google.firebase:firebase-auth-common:9.4.0] AndroidManifest.xml:20:5-21:19
MERGED from [com.google.android.gms:play-services-fitness:9.4.0] AndroidManifest.xml:19:5-20
MERGED from [com.google.android.gms:play-services-fitness:9.4.0] AndroidManifest.xml:19:5-20
MERGED from [com.google.android.gms:play-services-gcm:9.4.0] AndroidManifest.xml:24:5-20
MERGED from [com.google.android.gms:play-services-gcm:9.4.0] AndroidManifest.xml:24:5-20
MERGED from [com.google.android.gms:play-services-appindexing:9.4.0] AndroidManifest.xml:19:5-20
MERGED from [com.google.android.gms:play-services-appindexing:9.4.0] AndroidManifest.xml:19:5-20
MERGED from [com.google.android.gms:play-services-identity:9.4.0] AndroidManifest.xml:19:5-20
MERGED from [com.google.android.gms:play-services-identity:9.4.0] AndroidManifest.xml:19:5-20
MERGED from [com.google.android.gms:play-services-iid:9.4.0] AndroidManifest.xml:24:5-20
MERGED from [com.google.android.gms:play-services-iid:9.4.0] AndroidManifest.xml:24:5-20
MERGED from [com.google.android.gms:play-services-location:9.4.0] AndroidManifest.xml:19:5-20
MERGED from [com.google.android.gms:play-services-location:9.4.0] AndroidManifest.xml:19:5-20
MERGED from [com.google.android.gms:play-services-places:9.4.0] AndroidManifest.xml:19:5-20
MERGED from [com.google.android.gms:play-services-places:9.4.0] AndroidManifest.xml:19:5-20
MERGED from [com.google.android.gms:play-services-maps:9.4.0] AndroidManifest.xml:27:5-20
MERGED from [com.google.android.gms:play-services-maps:9.4.0] AndroidManifest.xml:27:5-20
MERGED from [com.google.android.gms:play-services-nearby:9.4.0] AndroidManifest.xml:6:5-20
MERGED from [com.google.android.gms:play-services-nearby:9.4.0] AndroidManifest.xml:6:5-20
MERGED from [com.google.android.gms:play-services-panorama:9.4.0] AndroidManifest.xml:19:5-20
MERGED from [com.google.android.gms:play-services-panorama:9.4.0] AndroidManifest.xml:19:5-20
MERGED from [com.google.android.gms:play-services-plus:9.4.0] AndroidManifest.xml:19:5-20
MERGED from [com.google.android.gms:play-services-plus:9.4.0] AndroidManifest.xml:19:5-20
MERGED from [com.google.android.gms:play-services-safetynet:9.4.0] AndroidManifest.xml:19:5-20
MERGED from [com.google.android.gms:play-services-safetynet:9.4.0] AndroidManifest.xml:19:5-20
MERGED from [com.google.android.gms:play-services-vision:9.4.0] AndroidManifest.xml:5:5-20
MERGED from [com.google.android.gms:play-services-vision:9.4.0] AndroidManifest.xml:5:5-20
MERGED from [com.google.android.gms:play-services-wearable:9.4.0] AndroidManifest.xml:19:5-20
MERGED from [com.google.android.gms:play-services-wearable:9.4.0] AndroidManifest.xml:19:5-20
MERGED from [com.google.android.gms:play-services-base:9.4.0] AndroidManifest.xml:19:5-23:19
MERGED from [com.google.android.gms:play-services-base:9.4.0] AndroidManifest.xml:19:5-23:19
MERGED from [com.google.firebase:firebase-messaging:9.4.0] AndroidManifest.xml:20:5-32:19
MERGED from [com.google.firebase:firebase-messaging:9.4.0] AndroidManifest.xml:20:5-32:19
MERGED from [com.google.android.gms:play-services-tagmanager-api:9.4.0] AndroidManifest.xml:24:5-38:19
MERGED from [com.google.android.gms:play-services-tagmanager-api:9.4.0] AndroidManifest.xml:24:5-38:19
MERGED from [com.google.firebase:firebase-analytics:9.4.0] AndroidManifest.xml:26:5-41:19
MERGED from [com.google.firebase:firebase-analytics:9.4.0] AndroidManifest.xml:26:5-41:19
MERGED from [com.google.firebase:firebase-analytics-impl:9.4.0] AndroidManifest.xml:26:5-41:19
MERGED from [com.google.firebase:firebase-analytics-impl:9.4.0] AndroidManifest.xml:26:5-41:19
MERGED from [com.google.firebase:firebase-iid:9.4.0] AndroidManifest.xml:30:5-59:19
MERGED from [com.google.firebase:firebase-iid:9.4.0] AndroidManifest.xml:30:5-59:19
MERGED from [com.google.firebase:firebase-common:9.4.0] AndroidManifest.xml:5:5-12:19
MERGED from [com.google.firebase:firebase-common:9.4.0] AndroidManifest.xml:5:5-12:19
MERGED from [com.google.android.gms:play-services-gass:9.4.0] AndroidManifest.xml:19:5-20
MERGED from [com.google.android.gms:play-services-gass:9.4.0] AndroidManifest.xml:19:5-20
MERGED from [com.google.android.gms:play-services-tasks:9.4.0] AndroidManifest.xml:5:5-20
MERGED from [com.google.android.gms:play-services-tasks:9.4.0] AndroidManifest.xml:5:5-20
MERGED from [com.google.android.gms:play-services-basement:9.4.0] AndroidManifest.xml:20:5-24:19
MERGED from [com.google.android.gms:play-services-basement:9.4.0] AndroidManifest.xml:20:5-24:19
MERGED from [com.android.support:support-v4:26.0.0] AndroidManifest.xml:25:5-29:19
MERGED from [com.android.support:support-v4:26.0.0] AndroidManifest.xml:25:5-29:19
MERGED from [com.android.support:support-media-compat:26.0.0] AndroidManifest.xml:25:5-29:19
MERGED from [com.android.support:support-media-compat:26.0.0] AndroidManifest.xml:25:5-29:19
MERGED from [com.android.support:support-fragment:26.0.0] AndroidManifest.xml:25:5-29:19
MERGED from [com.android.support:support-fragment:26.0.0] AndroidManifest.xml:25:5-29:19
MERGED from [com.android.support:support-core-utils:26.0.0] AndroidManifest.xml:25:5-29:19
MERGED from [com.android.support:support-core-utils:26.0.0] AndroidManifest.xml:25:5-29:19
MERGED from [com.android.support:support-core-ui:26.0.0] AndroidManifest.xml:25:5-29:19
MERGED from [com.android.support:support-core-ui:26.0.0] AndroidManifest.xml:25:5-29:19
MERGED from [com.android.support:support-compat:26.0.0] AndroidManifest.xml:25:5-29:19
MERGED from [com.android.support:support-compat:26.0.0] AndroidManifest.xml:25:5-29:19
	android:label
		ADDED from src/main/AndroidManifest.xml:14:9-41
	android:icon
		ADDED from src/main/AndroidManifest.xml:13:9-43
	android:allowBackup
		ADDED from src/main/AndroidManifest.xml:12:9-35
	android:theme
		ADDED from src/main/AndroidManifest.xml:15:9-40
	android:name
		ADDED from src/main/AndroidManifest.xml:11:9-43
activity#com.parse.starter.SignUpActivity
ADDED from src/main/AndroidManifest.xml:16:9-19:20
	android:theme
		ADDED from src/main/AndroidManifest.xml:17:13-56
	android:name
		ADDED from src/main/AndroidManifest.xml:16:19-49
activity#com.parse.starter.MainActivity
ADDED from src/main/AndroidManifest.xml:21:9-30:20
	android:label
		ADDED from src/main/AndroidManifest.xml:23:13-45
	android:theme
		ADDED from src/main/AndroidManifest.xml:24:13-56
	android:name
		ADDED from src/main/AndroidManifest.xml:22:13-41
intent-filter#action:name:android.intent.action.MAIN+category:name:android.intent.category.LAUNCHER
ADDED from src/main/AndroidManifest.xml:25:13-29:29
action#android.intent.action.MAIN
ADDED from src/main/AndroidManifest.xml:26:17-69
	android:name
		ADDED from src/main/AndroidManifest.xml:26:25-66
category#android.intent.category.LAUNCHER
ADDED from src/main/AndroidManifest.xml:28:17-77
	android:name
		ADDED from src/main/AndroidManifest.xml:28:27-74
uses-sdk
INJECTED from src/main/AndroidManifest.xml reason: use-sdk injection requested
INJECTED from src/main/AndroidManifest.xml
INJECTED from src/main/AndroidManifest.xml
MERGED from [com.google.android.gms:play-services:9.4.0] AndroidManifest.xml:4:5-42
MERGED from [com.google.android.gms:play-services:9.4.0] AndroidManifest.xml:4:5-42
MERGED from [com.google.android.gms:play-services-cast-framework:9.4.0] AndroidManifest.xml:4:5-42
MERGED from [com.google.android.gms:play-services-cast-framework:9.4.0] AndroidManifest.xml:4:5-42
MERGED from [com.google.android.gms:play-services-cast:9.4.0] AndroidManifest.xml:18:5-42
MERGED from [com.google.android.gms:play-services-cast:9.4.0] AndroidManifest.xml:18:5-42
MERGED from [com.android.support:mediarouter-v7:23.0.0] AndroidManifest.xml:20:5-43
MERGED from [com.android.support:mediarouter-v7:23.0.0] AndroidManifest.xml:20:5-43
MERGED from [com.android.support:appcompat-v7:26.0.0] AndroidManifest.xml:21:5-23:78
MERGED from [com.android.support:appcompat-v7:26.0.0] AndroidManifest.xml:21:5-23:78
MERGED from [com.android.support:multidex:1.0.0] AndroidManifest.xml:18:5-42
MERGED from [com.android.support:multidex:1.0.0] AndroidManifest.xml:18:5-42
MERGED from [com.android.support.constraint:constraint-layout:1.1.3] AndroidManifest.xml:5:5-7:41
MERGED from [com.android.support.constraint:constraint-layout:1.1.3] AndroidManifest.xml:5:5-7:41
MERGED from [com.android.support:animated-vector-drawable:26.0.0] AndroidManifest.xml:20:5-44
MERGED from [com.android.support:animated-vector-drawable:26.0.0] AndroidManifest.xml:20:5-44
MERGED from [com.android.support:support-vector-drawable:26.0.0] AndroidManifest.xml:20:5-44
MERGED from [com.android.support:support-vector-drawable:26.0.0] AndroidManifest.xml:20:5-44
MERGED from [com.google.android.gms:play-services-ads:9.4.0] AndroidManifest.xml:19:5-42
MERGED from [com.google.android.gms:play-services-ads:9.4.0] AndroidManifest.xml:19:5-42
MERGED from [com.google.android.gms:play-services-ads-lite:9.4.0] AndroidManifest.xml:23:5-42
MERGED from [com.google.android.gms:play-services-ads-lite:9.4.0] AndroidManifest.xml:23:5-42
MERGED from [com.google.android.gms:play-services-analytics:9.4.0] AndroidManifest.xml:18:5-42
MERGED from [com.google.android.gms:play-services-analytics:9.4.0] AndroidManifest.xml:18:5-42
MERGED from [com.google.android.gms:play-services-tagmanager:9.4.0] AndroidManifest.xml:18:5-42
MERGED from [com.google.android.gms:play-services-tagmanager:9.4.0] AndroidManifest.xml:18:5-42
MERGED from [com.google.android.gms:play-services-analytics-impl:9.4.0] AndroidManifest.xml:18:5-42
MERGED from [com.google.android.gms:play-services-analytics-impl:9.4.0] AndroidManifest.xml:18:5-42
MERGED from [com.google.android.gms:play-services-appinvite:9.4.0] AndroidManifest.xml:18:5-42
MERGED from [com.google.android.gms:play-services-appinvite:9.4.0] AndroidManifest.xml:18:5-42
MERGED from [com.google.android.gms:play-services-auth:9.4.0] AndroidManifest.xml:18:5-43
MERGED from [com.google.android.gms:play-services-auth:9.4.0] AndroidManifest.xml:18:5-43
MERGED from [com.google.android.gms:play-services-auth-base:9.4.0] AndroidManifest.xml:5:5-43
MERGED from [com.google.android.gms:play-services-auth-base:9.4.0] AndroidManifest.xml:5:5-43
MERGED from [com.google.android.gms:play-services-clearcut:9.4.0] AndroidManifest.xml:18:5-42
MERGED from [com.google.android.gms:play-services-clearcut:9.4.0] AndroidManifest.xml:18:5-42
MERGED from [com.google.firebase:firebase-config:9.4.0] AndroidManifest.xml:18:5-42
MERGED from [com.google.firebase:firebase-config:9.4.0] AndroidManifest.xml:18:5-42
MERGED from [com.google.android.gms:play-services-contextmanager:9.4.0] AndroidManifest.xml:18:5-42
MERGED from [com.google.android.gms:play-services-contextmanager:9.4.0] AndroidManifest.xml:18:5-42
MERGED from [com.google.firebase:firebase-crash:9.4.0] AndroidManifest.xml:22:5-42
MERGED from [com.google.firebase:firebase-crash:9.4.0] AndroidManifest.xml:22:5-42
MERGED from [com.google.android.gms:play-services-games:9.4.0] AndroidManifest.xml:18:5-42
MERGED from [com.google.android.gms:play-services-games:9.4.0] AndroidManifest.xml:18:5-42
MERGED from [com.google.android.gms:play-services-drive:9.4.0] AndroidManifest.xml:18:5-42
MERGED from [com.google.android.gms:play-services-drive:9.4.0] AndroidManifest.xml:18:5-42
MERGED from [com.google.firebase:firebase-auth:9.4.0] AndroidManifest.xml:18:5-43
MERGED from [com.google.firebase:firebase-auth:9.4.0] AndroidManifest.xml:18:5-43
MERGED from [com.google.firebase:firebase-auth-common:9.4.0] AndroidManifest.xml:18:5-43
MERGED from [com.google.firebase:firebase-auth-common:9.4.0] AndroidManifest.xml:18:5-43
MERGED from [com.google.firebase:firebase-auth-module:9.4.0] AndroidManifest.xml:4:5-43
MERGED from [com.google.firebase:firebase-auth-module:9.4.0] AndroidManifest.xml:4:5-43
MERGED from [com.google.firebase:firebase-database:9.4.0] AndroidManifest.xml:5:5-43
MERGED from [com.google.firebase:firebase-database:9.4.0] AndroidManifest.xml:5:5-43
MERGED from [com.google.firebase:firebase-database-connection:9.4.0] AndroidManifest.xml:5:5-43
MERGED from [com.google.firebase:firebase-database-connection:9.4.0] AndroidManifest.xml:5:5-43
MERGED from [com.google.firebase:firebase-storage:9.4.0] AndroidManifest.xml:5:5-43
MERGED from [com.google.firebase:firebase-storage:9.4.0] AndroidManifest.xml:5:5-43
MERGED from [com.google.firebase:firebase-storage-common:9.4.0] AndroidManifest.xml:5:5-43
MERGED from [com.google.firebase:firebase-storage-common:9.4.0] AndroidManifest.xml:5:5-43
MERGED from [com.google.android.gms:play-services-fitness:9.4.0] AndroidManifest.xml:18:5-42
MERGED from [com.google.android.gms:play-services-fitness:9.4.0] AndroidManifest.xml:18:5-42
MERGED from [com.google.android.gms:play-services-gcm:9.4.0] AndroidManifest.xml:18:5-42
MERGED from [com.google.android.gms:play-services-gcm:9.4.0] AndroidManifest.xml:18:5-42
MERGED from [com.google.android.gms:play-services-appindexing:9.4.0] AndroidManifest.xml:18:5-42
MERGED from [com.google.android.gms:play-services-appindexing:9.4.0] AndroidManifest.xml:18:5-42
MERGED from [com.google.android.gms:play-services-wallet:9.4.0] AndroidManifest.xml:19:5-42
MERGED from [com.google.android.gms:play-services-wallet:9.4.0] AndroidManifest.xml:19:5-42
MERGED from [com.google.android.gms:play-services-identity:9.4.0] AndroidManifest.xml:18:5-42
MERGED from [com.google.android.gms:play-services-identity:9.4.0] AndroidManifest.xml:18:5-42
MERGED from [com.google.android.gms:play-services-iid:9.4.0] AndroidManifest.xml:18:5-42
MERGED from [com.google.android.gms:play-services-iid:9.4.0] AndroidManifest.xml:18:5-42
MERGED from [com.google.android.gms:play-services-location:9.4.0] AndroidManifest.xml:18:5-42
MERGED from [com.google.android.gms:play-services-location:9.4.0] AndroidManifest.xml:18:5-42
MERGED from [com.google.android.gms:play-services-places:9.4.0] AndroidManifest.xml:18:5-42
MERGED from [com.google.android.gms:play-services-places:9.4.0] AndroidManifest.xml:18:5-42
MERGED from [com.google.android.gms:play-services-maps:9.4.0] AndroidManifest.xml:26:5-42
MERGED from [com.google.android.gms:play-services-maps:9.4.0] AndroidManifest.xml:26:5-42
MERGED from [com.google.android.gms:play-services-nearby:9.4.0] AndroidManifest.xml:4:5-42
MERGED from [com.google.android.gms:play-services-nearby:9.4.0] AndroidManifest.xml:4:5-42
MERGED from [com.google.android.gms:play-services-panorama:9.4.0] AndroidManifest.xml:18:5-42
MERGED from [com.google.android.gms:play-services-panorama:9.4.0] AndroidManifest.xml:18:5-42
MERGED from [com.google.android.gms:play-services-plus:9.4.0] AndroidManifest.xml:18:5-42
MERGED from [com.google.android.gms:play-services-plus:9.4.0] AndroidManifest.xml:18:5-42
MERGED from [com.google.android.gms:play-services-safetynet:9.4.0] AndroidManifest.xml:18:5-42
MERGED from [com.google.android.gms:play-services-safetynet:9.4.0] AndroidManifest.xml:18:5-42
MERGED from [com.google.android.gms:play-services-vision:9.4.0] AndroidManifest.xml:4:5-42